I, [2015-07-15T16:01:05.229503 #29152]  INFO -- : Refreshing Gem list
/home/tsatish/.rvm/gems/ruby-2.2.1/gems/activerecord-4.2.0/lib/active_record/connection_adapters/connection_specification.rb:248:in `resolve_symbol_connection': 'production' database is not configured. Available: ["default", "development"] (ActiveRecord::AdapterNotSpecified)
	from /home/tsatish/.rvm/gems/ruby-2.2.1/gems/activerecord-4.2.0/lib/active_record/connection_adapters/connection_specification.rb:211:in `resolve_connection'
	from /home/tsatish/.rvm/gems/ruby-2.2.1/gems/activerecord-4.2.0/lib/active_record/connection_adapters/connection_specification.rb:139:in `resolve'
	from /home/tsatish/.rvm/gems/ruby-2.2.1/gems/activerecord-4.2.0/lib/active_record/connection_adapters/connection_specification.rb:169:in `spec'
	from /home/tsatish/.rvm/gems/ruby-2.2.1/gems/activerecord-4.2.0/lib/active_record/connection_handling.rb:50:in `establish_connection'
	from /home/tsatish/.rvm/gems/ruby-2.2.1/gems/activerecord-4.2.0/lib/active_record/railtie.rb:120:in `block (2 levels) in <class:Railtie>'
	from /home/tsatish/.rvm/gems/ruby-2.2.1/gems/activesupport-4.2.0/lib/active_support/lazy_load_hooks.rb:38:in `instance_eval'
	from /home/tsatish/.rvm/gems/ruby-2.2.1/gems/activesupport-4.2.0/lib/active_support/lazy_load_hooks.rb:38:in `execute_hook'
	from /home/tsatish/.rvm/gems/ruby-2.2.1/gems/activesupport-4.2.0/lib/active_support/lazy_load_hooks.rb:45:in `block in run_load_hooks'
	from /home/tsatish/.rvm/gems/ruby-2.2.1/gems/activesupport-4.2.0/lib/active_support/lazy_load_hooks.rb:44:in `each'
	from /home/tsatish/.rvm/gems/ruby-2.2.1/gems/activesupport-4.2.0/lib/active_support/lazy_load_hooks.rb:44:in `run_load_hooks'
	from /home/tsatish/.rvm/gems/ruby-2.2.1/gems/activerecord-4.2.0/lib/active_record/base.rb:316:in `<module:ActiveRecord>'
	from /home/tsatish/.rvm/gems/ruby-2.2.1/gems/activerecord-4.2.0/lib/active_record/base.rb:26:in `<top (required)>'
	from /home/tsatish/.rvm/gems/ruby-2.2.1/gems/devise-3.4.1/lib/devise/orm/active_record.rb:3:in `<top (required)>'
	from /home/tsatish/.rvm/gems/ruby-2.2.1/gems/activesupport-4.2.0/lib/active_support/dependencies.rb:274:in `require'
	from /home/tsatish/.rvm/gems/ruby-2.2.1/gems/activesupport-4.2.0/lib/active_support/dependencies.rb:274:in `block in require'
	from /home/tsatish/.rvm/gems/ruby-2.2.1/gems/activesupport-4.2.0/lib/active_support/dependencies.rb:240:in `load_dependency'
	from /home/tsatish/.rvm/gems/ruby-2.2.1/gems/activesupport-4.2.0/lib/active_support/dependencies.rb:274:in `require'
	from /home/tsatish/workspace/GH-001/green_hollow/config/initializers/devise.rb:22:in `block in <top (required)>'
	from /home/tsatish/.rvm/gems/ruby-2.2.1/gems/devise-3.4.1/lib/devise.rb:293:in `setup'
	from /home/tsatish/workspace/GH-001/green_hollow/config/initializers/devise.rb:3:in `<top (required)>'
	from /home/tsatish/.rvm/gems/ruby-2.2.1/gems/activesupport-4.2.0/lib/active_support/dependencies.rb:268:in `load'
	from /home/tsatish/.rvm/gems/ruby-2.2.1/gems/activesupport-4.2.0/lib/active_support/dependencies.rb:268:in `block in load'
	from /home/tsatish/.rvm/gems/ruby-2.2.1/gems/activesupport-4.2.0/lib/active_support/dependencies.rb:240:in `load_dependency'
	from /home/tsatish/.rvm/gems/ruby-2.2.1/gems/activesupport-4.2.0/lib/active_support/dependencies.rb:268:in `load'
	from /home/tsatish/.rvm/gems/ruby-2.2.1/gems/railties-4.2.0/lib/rails/engine.rb:652:in `block in load_config_initializer'
	from /home/tsatish/.rvm/gems/ruby-2.2.1/gems/activesupport-4.2.0/lib/active_support/notifications.rb:166:in `instrument'
	from /home/tsatish/.rvm/gems/ruby-2.2.1/gems/railties-4.2.0/lib/rails/engine.rb:651:in `load_config_initializer'
	from /home/tsatish/.rvm/gems/ruby-2.2.1/gems/railties-4.2.0/lib/rails/engine.rb:616:in `block (2 levels) in <class:Engine>'
	from /home/tsatish/.rvm/gems/ruby-2.2.1/gems/railties-4.2.0/lib/rails/engine.rb:615:in `each'
	from /home/tsatish/.rvm/gems/ruby-2.2.1/gems/railties-4.2.0/lib/rails/engine.rb:615:in `block in <class:Engine>'
	from /home/tsatish/.rvm/gems/ruby-2.2.1/gems/railties-4.2.0/lib/rails/initializable.rb:30:in `instance_exec'
	from /home/tsatish/.rvm/gems/ruby-2.2.1/gems/railties-4.2.0/lib/rails/initializable.rb:30:in `run'
	from /home/tsatish/.rvm/gems/ruby-2.2.1/gems/railties-4.2.0/lib/rails/initializable.rb:55:in `block in run_initializers'
	from /home/tsatish/.rvm/rubies/ruby-2.2.1/lib/ruby/2.2.0/tsort.rb:226:in `block in tsort_each'
	from /home/tsatish/.rvm/rubies/ruby-2.2.1/lib/ruby/2.2.0/tsort.rb:348:in `block (2 levels) in each_strongly_connected_component'
	from /home/tsatish/.rvm/rubies/ruby-2.2.1/lib/ruby/2.2.0/tsort.rb:420:in `block (2 levels) in each_strongly_connected_component_from'
	from /home/tsatish/.rvm/rubies/ruby-2.2.1/lib/ruby/2.2.0/tsort.rb:429:in `each_strongly_connected_component_from'
	from /home/tsatish/.rvm/rubies/ruby-2.2.1/lib/ruby/2.2.0/tsort.rb:419:in `block in each_strongly_connected_component_from'
	from /home/tsatish/.rvm/gems/ruby-2.2.1/gems/railties-4.2.0/lib/rails/initializable.rb:44:in `each'
	from /home/tsatish/.rvm/gems/ruby-2.2.1/gems/railties-4.2.0/lib/rails/initializable.rb:44:in `tsort_each_child'
	from /home/tsatish/.rvm/rubies/ruby-2.2.1/lib/ruby/2.2.0/tsort.rb:413:in `call'
	from /home/tsatish/.rvm/rubies/ruby-2.2.1/lib/ruby/2.2.0/tsort.rb:413:in `each_strongly_connected_component_from'
	from /home/tsatish/.rvm/rubies/ruby-2.2.1/lib/ruby/2.2.0/tsort.rb:347:in `block in each_strongly_connected_component'
	from /home/tsatish/.rvm/rubies/ruby-2.2.1/lib/ruby/2.2.0/tsort.rb:345:in `each'
	from /home/tsatish/.rvm/rubies/ruby-2.2.1/lib/ruby/2.2.0/tsort.rb:345:in `call'
	from /home/tsatish/.rvm/rubies/ruby-2.2.1/lib/ruby/2.2.0/tsort.rb:345:in `each_strongly_connected_component'
	from /home/tsatish/.rvm/rubies/ruby-2.2.1/lib/ruby/2.2.0/tsort.rb:224:in `tsort_each'
	from /home/tsatish/.rvm/rubies/ruby-2.2.1/lib/ruby/2.2.0/tsort.rb:203:in `tsort_each'
	from /home/tsatish/.rvm/gems/ruby-2.2.1/gems/railties-4.2.0/lib/rails/initializable.rb:54:in `run_initializers'
	from /home/tsatish/.rvm/gems/ruby-2.2.1/gems/railties-4.2.0/lib/rails/application.rb:352:in `initialize!'
	from /home/tsatish/workspace/GH-001/green_hollow/config/environment.rb:5:in `<top (required)>'
	from config.ru:4:in `require'
	from config.ru:4:in `block in <main>'
	from /home/tsatish/.rvm/gems/ruby-2.2.1/gems/rack-1.6.4/lib/rack/builder.rb:55:in `instance_eval'
	from /home/tsatish/.rvm/gems/ruby-2.2.1/gems/rack-1.6.4/lib/rack/builder.rb:55:in `initialize'
	from config.ru:1:in `new'
	from config.ru:1:in `<main>'
	from /home/tsatish/.rvm/gems/ruby-2.2.1/gems/unicorn-4.9.0/lib/unicorn.rb:48:in `eval'
	from /home/tsatish/.rvm/gems/ruby-2.2.1/gems/unicorn-4.9.0/lib/unicorn.rb:48:in `block in builder'
	from /home/tsatish/.rvm/gems/ruby-2.2.1/gems/unicorn-4.9.0/lib/unicorn/http_server.rb:768:in `call'
	from /home/tsatish/.rvm/gems/ruby-2.2.1/gems/unicorn-4.9.0/lib/unicorn/http_server.rb:768:in `build_app!'
	from /home/tsatish/.rvm/gems/ruby-2.2.1/gems/unicorn-4.9.0/lib/unicorn/http_server.rb:137:in `start'
	from /home/tsatish/.rvm/gems/ruby-2.2.1/gems/unicorn-4.9.0/bin/unicorn:126:in `<top (required)>'
	from /home/tsatish/.rvm/gems/ruby-2.2.1/bin/unicorn:23:in `load'
	from /home/tsatish/.rvm/gems/ruby-2.2.1/bin/unicorn:23:in `<main>'
	from /home/tsatish/.rvm/gems/ruby-2.2.1/bin/ruby_executable_hooks:15:in `eval'
	from /home/tsatish/.rvm/gems/ruby-2.2.1/bin/ruby_executable_hooks:15:in `<main>'
I, [2015-07-15T16:03:15.164799 #29753]  INFO -- : Refreshing Gem list
I, [2015-07-15T16:03:16.163368 #29753]  INFO -- : listening on addr=/home/tsatish/workspace/GH-001/green_hollow/shared/sockets/unicorn.sock fd=11
I, [2015-07-15T16:03:16.163474 #29753]  INFO -- : worker=0 spawning...
I, [2015-07-15T16:03:16.164842 #29753]  INFO -- : worker=1 spawning...
I, [2015-07-15T16:03:16.165224 #29760]  INFO -- : worker=0 spawned pid=29760
I, [2015-07-15T16:03:16.166783 #29760]  INFO -- : worker=0 ready
I, [2015-07-15T16:03:16.167463 #29753]  INFO -- : master process ready
I, [2015-07-15T16:03:16.167875 #29763]  INFO -- : worker=1 spawned pid=29763
I, [2015-07-15T16:03:16.169155 #29763]  INFO -- : worker=1 ready
I, [2015-07-15T16:03:55.750349 #29919]  INFO -- : executing ["/home/tsatish/.rvm/gems/ruby-2.2.1/bin/unicorn", "-c", "config/unicorn.rb", "-E", "development", "-D", {11=>#<Kgio::UNIXServer:/home/tsatish/workspace/GH-001/green_hollow/shared/sockets/unicorn.sock>}] (in /home/tsatish/workspace/GH-001/green_hollow)
I, [2015-07-15T16:03:55.750494 #29919]  INFO -- : forked child re-executing...
I, [2015-07-15T16:03:55.950198 #29919]  INFO -- : inherited addr=/home/tsatish/workspace/GH-001/green_hollow/shared/sockets/unicorn.sock fd=11
I, [2015-07-15T16:03:55.950394 #29919]  INFO -- : Refreshing Gem list
I, [2015-07-15T16:03:56.906675 #29919]  INFO -- : worker=0 spawning...
I, [2015-07-15T16:03:56.908062 #29919]  INFO -- : worker=1 spawning...
I, [2015-07-15T16:03:56.908438 #29928]  INFO -- : worker=0 spawned pid=29928
I, [2015-07-15T16:03:56.909803 #29928]  INFO -- : worker=0 ready
I, [2015-07-15T16:03:56.911386 #29919]  INFO -- : master process ready
I, [2015-07-15T16:03:56.911725 #29931]  INFO -- : worker=1 spawned pid=29931
I, [2015-07-15T16:03:56.913059 #29931]  INFO -- : worker=1 ready
